<?xml version="1.0" encoding="UTF-8"?>
<testng-results ignored="0" total="1" passed="1" failed="0" skipped="0">
  <reporter-output>
  </reporter-output>
  <suite started-at="2024-05-28T06:56:20Z" name="Default suite" finished-at="2024-05-28T06:56:20Z" duration-ms="53">
    <groups>
    </groups>
    <test started-at="2024-05-28T06:56:20Z" name="Default test" finished-at="2024-05-28T06:56:20Z" duration-ms="53">
      <class name="kavach.NewTest">
        <test-method signature="maps()[pri:0, instance:kavach.NewTest@4d1c005e]" started-at="2024-05-28T12:26:20Z" name="maps" finished-at="2024-05-28T12:26:20Z" duration-ms="21" status="PASS">
          <reporter-output>
          </reporter-output>
        </test-method> <!-- maps -->
      </class> <!-- kavach.NewTest -->
    </test> <!-- Default test -->
  </suite> <!-- Default suite -->
</testng-results>
